<?xml version="1.0" encoding="UTF-8"?>
<!-- Generated by org.testng.reporters.JUnitXMLReporter -->
<testsuite ignored="0" hostname="LAPTOP-BHEV3TNG" failures="0" tests="3" name="Test-1" time="127.912" errors="0" timestamp="2025-02-18T13:17:27 IST">
  <testcase classname="com.crmweb.contact_test.V_Tigor_Cont_module_Casess_test" name="createContact_withDate_test" time="19.739"/>
  <testcase classname="com.crmweb.contact_test.V_Tigor_Cont_module_Casess_test" name="createContact_withName_test" time="7.038"/>
  <testcase classname="com.crmweb.contact_test.V_Tigor_Cont_module_Casess_test" name="verifyContactIntegrationTest" time="14.877"/>
</testsuite> <!-- Test-1 -->
