<?xml version="1.0" encoding="UTF-8"?>
<!-- Generated by org.testng.reporters.JUnitReportReporter -->
<testsuite hostname="LAPTOP-BHEV3TNG" failures="0" tests="3" name="com.crmweb.org_test.V_Tigor_Org_module_Casess_test" time="107.029" errors="0" timestamp="2025-03-19T12:31:05 IST" skipped="0">
  <testcase classname="com.crmweb.org_test.V_Tigor_Org_module_Casess_test" name="createOrg_withindustry_test" time="32.185"/>
  <system-out/>
  <testcase classname="com.crmweb.org_test.V_Tigor_Org_module_Casess_test" name="createOrg_test" time="34.342"/>
  <system-out/>
  <testcase classname="com.crmweb.org_test.V_Tigor_Org_module_Casess_test" name="createOrg_with_phoneNumber_test" time="40.502"/>
  <system-out/>
</testsuite> <!-- com.crmweb.org_test.V_Tigor_Org_module_Casess_test -->
