<?xml version="1.0" encoding="UTF-8"?>
<!-- Generated by org.testng.reporters.JUnitReportReporter -->
<testsuite hostname="LAPTOP-BHEV3TNG" failures="0" tests="1" name="com.crmweb.org_test.V_Tigor_Org_Case_1_test" time="12.941" errors="0" timestamp="2025-02-13T15:01:42 IST" skipped="0">
  <testcase classname="com.crmweb.org_test.V_Tigor_Org_Case_1_test" name="demo" time="12.941"/>
  <system-out/>
</testsuite> <!-- com.crmweb.org_test.V_Tigor_Org_Case_1_test -->
