<?xml version="1.0" encoding="UTF-8"?>
<!-- Generated by org.testng.reporters.JUnitReportReporter -->
<testsuite hostname="LAPTOP-BHEV3TNG" failures="0" tests="1" name="com.crmweb.org_test.V_Tigor_Org_Case_3_test" time="100.509" errors="0" timestamp="2025-02-25T12:17:44 IST" skipped="0">
  <testcase classname="com.crmweb.org_test.V_Tigor_Org_Case_3_test" name="createOrg_with_phoneNumber_test" time="100.509"/>
  <system-out/>
</testsuite> <!-- com.crmweb.org_test.V_Tigor_Org_Case_3_test -->
