<?xml version="1.0" encoding="UTF-8"?>
<!-- Generated by org.testng.reporters.JUnitReportReporter -->
<testsuite hostname="LAPTOP-BHEV3TNG" failures="0" tests="1" name="com.crmweb.contact_test.V_Tigor_Cont_Case_2_test" time="45.131" errors="0" timestamp="2025-02-25T12:23:22 IST" skipped="0">
  <testcase classname="com.crmweb.contact_test.V_Tigor_Cont_Case_2_test" name="decreateContact_withDate_test" time="45.131"/>
  <system-out/>
</testsuite> <!-- com.crmweb.contact_test.V_Tigor_Cont_Case_2_test -->
