<?xml version="1.0" encoding="UTF-8"?>
<!-- Generated by org.testng.reporters.JUnitReportReporter -->
<testsuite hostname="LAPTOP-BHEV3TNG" failures="0" tests="1" name="TestNG_practice.SampleReportTest" time="3.132" errors="0" timestamp="2025-02-21T16:29:33 IST" skipped="0">
  <testcase classname="TestNG_practice.SampleReportTest" name="createContactTest" time="3.132"/>
  <system-out/>
</testsuite> <!-- TestNG_practice.SampleReportTest -->
