<?xml version="1.0" encoding="UTF-8"?>
<!-- Generated by org.testng.reporters.JUnitReportReporter -->
<testsuite hostname="LAPTOP-BHEV3TNG" failures="0" tests="1" name="com.crmweb.org_test.V_Tigor_Create_Org_Case_1_test" time="470.480" errors="0" timestamp="2025-02-21T16:08:39 IST" skipped="0">
  <testcase classname="com.crmweb.org_test.V_Tigor_Create_Org_Case_1_test" name="createOrg_test" time="470.480"/>
  <system-out/>
</testsuite> <!-- com.crmweb.org_test.V_Tigor_Create_Org_Case_1_test -->
