<?xml version="1.0" encoding="UTF-8"?>
<!-- Generated by org.testng.reporters.JUnitReportReporter -->
<testsuite hostname="LAPTOP-BHEV3TNG" failures="0" tests="3" name="com.crmweb.contact_test.V_Tigor_Cont_module_Casess_test" time="102.912" errors="0" timestamp="2025-03-19T12:31:05 IST" skipped="0">
  <testcase classname="com.crmweb.contact_test.V_Tigor_Cont_module_Casess_test" name="createContact_withName_test" time="33.902"/>
  <system-out/>
  <testcase classname="com.crmweb.contact_test.V_Tigor_Cont_module_Casess_test" name="verifyContactIntegrationTest" time="37.169"/>
  <system-out/>
  <testcase classname="com.crmweb.contact_test.V_Tigor_Cont_module_Casess_test" name="createContact_withDate_test" time="31.841"/>
  <system-out/>
</testsuite> <!-- com.crmweb.contact_test.V_Tigor_Cont_module_Casess_test -->
