<?xml version="1.0" encoding="UTF-8"?>
<!-- Generated by org.testng.reporters.JUnitReportReporter -->
<testsuite hostname="LAPTOP-BHEV3TNG" failures="0" tests="1" name="com.crmweb.org_test.V_Tigor_Delete_Org_handleDy_XpathCase_3_test" time="42.128" errors="0" timestamp="2025-02-14T15:43:50 IST" skipped="0">
  <testcase classname="com.crmweb.org_test.V_Tigor_Delete_Org_handleDy_XpathCase_3_test" name="demo" time="42.128"/>
  <system-out/>
</testsuite> <!-- com.crmweb.org_test.V_Tigor_Delete_Org_handleDy_XpathCase_3_test -->
