<?xml version="1.0" encoding="UTF-8"?>
<!-- Generated by org.testng.reporters.JUnitReportReporter -->
<testsuite hostname="LAPTOP-BHEV3TNG" failures="0" tests="3" name="com.crmweb.contact_test.V_Tigor_Cont_module_Casess_test" time="135.915" errors="0" timestamp="2025-03-19T12:19:45 IST" skipped="0">
  <testcase classname="com.crmweb.contact_test.V_Tigor_Cont_module_Casess_test" name="createContact_withName_test" time="45.648"/>
  <system-out/>
  <testcase classname="com.crmweb.contact_test.V_Tigor_Cont_module_Casess_test" name="verifyContactIntegrationTest" time="42.284"/>
  <system-out/>
  <testcase classname="com.crmweb.contact_test.V_Tigor_Cont_module_Casess_test" name="createContact_withDate_test" time="47.983"/>
  <system-out/>
</testsuite> <!-- com.crmweb.contact_test.V_Tigor_Cont_module_Casess_test -->
