<?xml version="1.0" encoding="UTF-8"?>
<!-- Generated by org.testng.reporters.JUnitReportReporter -->
<testsuite hostname="LAPTOP-BHEV3TNG" failures="0" tests="1" name="execution_With_all_annotation_practice.createOrgTest" time="0.015" errors="0" timestamp="2025-02-17T13:21:04 IST" skipped="0">
  <testcase classname="execution_With_all_annotation_practice.createOrgTest" name="createOrgTest_1" time="0.015"/>
  <system-out/>
</testsuite> <!-- execution_With_all_annotation_practice.createOrgTest -->
