<?xml version="1.0" encoding="UTF-8"?>
<!-- Generated by org.testng.reporters.JUnitReportReporter -->
<testsuite hostname="LAPTOP-BHEV3TNG" failures="0" tests="1" name="com.crmweb.contact_test.V_Tigor_Cont_Case_1_test" time="54.673" errors="0" timestamp="2025-02-24T11:57:05 IST" skipped="0">
  <testcase classname="com.crmweb.contact_test.V_Tigor_Cont_Case_1_test" name="createContact_withName_test" time="54.673"/>
  <system-out/>
</testsuite> <!-- com.crmweb.contact_test.V_Tigor_Cont_Case_1_test -->
