<?xml version="1.0" encoding="UTF-8"?>
<!-- Generated by org.testng.reporters.JUnitReportReporter -->
<testsuite hostname="LAPTOP-BHEV3TNG" failures="0" tests="3" name="com.crmweb.org_test.V_Tigor_Org_module_Casess_test" time="184.467" errors="0" timestamp="2025-02-25T23:14:44 IST" skipped="0">
  <testcase classname="com.crmweb.org_test.V_Tigor_Org_module_Casess_test" name="createOrg_withindustry_test" time="71.762"/>
  <system-out/>
  <testcase classname="com.crmweb.org_test.V_Tigor_Org_module_Casess_test" name="createOrg_with_phoneNumber_test" time="44.492"/>
  <system-out/>
  <testcase classname="com.crmweb.org_test.V_Tigor_Org_module_Casess_test" name="createOrg_test" time="68.213"/>
  <system-out/>
</testsuite> <!-- com.crmweb.org_test.V_Tigor_Org_module_Casess_test -->
