<?xml version="1.0" encoding="UTF-8"?>
<!-- Generated by org.testng.reporters.JUnitReportReporter -->
<testsuite hostname="LAPTOP-BHEV3TNG" failures="0" tests="2" name="execution_With_all_annotation_practice.createCont_case_2Test" time="0.008" errors="0" timestamp="2025-02-17T13:28:05 IST" skipped="0">
  <testcase classname="execution_With_all_annotation_practice.createCont_case_2Test" name="createCont_withNameTest_1" time="0.003"/>
  <system-out/>
  <testcase classname="execution_With_all_annotation_practice.createCont_case_2Test" name="createCont_withDateTest_2" time="0.005"/>
  <system-out/>
</testsuite> <!-- execution_With_all_annotation_practice.createCont_case_2Test -->
