<?xml version="1.0" encoding="UTF-8"?>
<!-- Generated by org.testng.reporters.JUnitReportReporter -->
<testsuite hostname="LAPTOP-BHEV3TNG" failures="0" tests="3" name="TestNG_practice.InvocationCount_test" time="0.030" errors="0" timestamp="2025-02-17T11:30:31 IST" skipped="0">
  <testcase classname="TestNG_practice.InvocationCount_test" name="cancelOrder_test" time="0.002"/>
  <system-out/>
  <testcase classname="TestNG_practice.InvocationCount_test" name="ReturnOrder_test" time="0.025"/>
  <system-out/>
  <testcase classname="TestNG_practice.InvocationCount_test" name="ReturnOrder_test" time="0.003"/>
  <system-out/>
</testsuite> <!-- TestNG_practice.InvocationCount_test -->
