<?xml version="1.0" encoding="UTF-8"?>
<!-- Generated by org.testng.reporters.JUnitReportReporter -->
<testsuite hostname="LAPTOP-BHEV3TNG" failures="0" tests="1" name="Programs_for_interview.print_num_1_to_10" time="0.013" errors="0" timestamp="2025-02-24T12:33:58 IST" skipped="0">
  <testcase classname="Programs_for_interview.print_num_1_to_10" name="wLoop" time="0.013"/>
  <system-out/>
</testsuite> <!-- Programs_for_interview.print_num_1_to_10 -->
