<?xml version="1.0" encoding="UTF-8"?>
<!-- Generated by org.testng.reporters.JUnitReportReporter -->
<testsuite hostname="LAPTOP-BHEV3TNG" failures="0" tests="1" name="com.crmweb.org_test.V_Tigor_Org_Case_3_test" time="45.882" errors="0" timestamp="2025-02-17T17:19:32 IST" skipped="0">
  <testcase classname="com.crmweb.org_test.V_Tigor_Org_Case_3_test" name="demo" time="45.882"/>
  <system-out/>
</testsuite> <!-- com.crmweb.org_test.V_Tigor_Org_Case_3_test -->
