<?xml version="1.0" encoding="UTF-8"?>
<!-- Generated by org.testng.reporters.JUnitReportReporter -->
<testsuite hostname="LAPTOP-BHEV3TNG" failures="0" tests="1" name="com.crmweb.contact_test.V_Tigor_Cont_Case_3_test" time="59.761" errors="0" timestamp="2025-02-18T11:37:26 IST" skipped="0">
  <testcase classname="com.crmweb.contact_test.V_Tigor_Cont_Case_3_test" name="verifyContactIntegrationTest" time="59.761"/>
  <system-out/>
</testsuite> <!-- com.crmweb.contact_test.V_Tigor_Cont_Case_3_test -->
